{"C:\\Users\\Gervilla Maxime\\cesizen-api\\src\\app.ts": {"path":"C:\\Users\\Gervilla Maxime\\cesizen-api\\src\\app.ts","statementMap":{"0":{"start":{"line":3,"column":0},"end":{"line":3,"column":30}},"1":{"start":{"line":4,"column":0},"end":{"line":4,"column":24}},"2":{"start":{"line":5,"column":0},"end":{"line":5,"column":28}},"3":{"start":{"line":6,"column":0},"end":{"line":6,"column":46}},"4":{"start":{"line":7,"column":0},"end":{"line":7,"column":46}},"5":{"start":{"line":8,"column":0},"end":{"line":8,"column":56}},"6":{"start":{"line":9,"column":0},"end":{"line":9,"column":54}},"7":{"start":{"line":10,"column":0},"end":{"line":10,"column":52}},"8":{"start":{"line":11,"column":0},"end":{"line":11,"column":60}},"9":{"start":{"line":12,"column":0},"end":{"line":12,"column":46}},"10":{"start":{"line":13,"column":0},"end":{"line":13,"column":50}},"11":{"start":{"line":14,"column":0},"end":{"line":14,"column":58}},"12":{"start":{"line":16,"column":0},"end":{"line":16,"column":16}},"13":{"start":{"line":18,"column":12},"end":{"line":18,"column":21}},"14":{"start":{"line":20,"column":0},"end":{"line":20,"column":16}},"15":{"start":{"line":21,"column":0},"end":{"line":21,"column":24}},"16":{"start":{"line":23,"column":0},"end":{"line":23,"column":33}},"17":{"start":{"line":24,"column":0},"end":{"line":24,"column":34}},"18":{"start":{"line":25,"column":0},"end":{"line":25,"column":44}},"19":{"start":{"line":26,"column":0},"end":{"line":26,"column":42}},"20":{"start":{"line":27,"column":0},"end":{"line":27,"column":40}},"21":{"start":{"line":28,"column":0},"end":{"line":28,"column":48}},"22":{"start":{"line":29,"column":0},"end":{"line":29,"column":34}},"23":{"start":{"line":30,"column":0},"end":{"line":30,"column":38}},"24":{"start":{"line":31,"column":0},"end":{"line":31,"column":45}},"25":{"start":{"line":33,"column":0},"end":{"line":33,"column":19}}},"fnMap":{},"branchMap":{},"s":{"0":1,"1":1,"2":1,"3":1,"4":1,"5":1,"6":1,"7":1,"8":1,"9":1,"10":1,"11":1,"12":1,"13":1,"14":1,"15":1,"16":1,"17":1,"18":1,"19":1,"20":1,"21":1,"22":1,"23":1,"24":1,"25":1},"f":{},"b":{}}
,"C:\\Users\\Gervilla Maxime\\cesizen-api\\src\\controllers\\auth.controller.ts": {"path":"C:\\Users\\Gervilla Maxime\\cesizen-api\\src\\controllers\\auth.controller.ts","statementMap":{"0":{"start":{"line":2,"column":0},"end":{"line":2,"column":30}},"1":{"start":{"line":3,"column":0},"end":{"line":3,"column":37}},"2":{"start":{"line":4,"column":0},"end":{"line":4,"column":45}},"3":{"start":{"line":6,"column":24},"end":{"line":31,"column":1}},"4":{"start":{"line":7,"column":2},"end":{"line":30,"column":3}},"5":{"start":{"line":8,"column":49},"end":{"line":8,"column":57}},"6":{"start":{"line":10,"column":25},"end":{"line":12,"column":6}},"7":{"start":{"line":14,"column":4},"end":{"line":17,"column":5}},"8":{"start":{"line":15,"column":6},"end":{"line":15,"column":62}},"9":{"start":{"line":16,"column":6},"end":{"line":16,"column":13}},"10":{"start":{"line":19,"column":17},"end":{"line":19,"column":52}},"11":{"start":{"line":21,"column":17},"end":{"line":23,"column":6}},"12":{"start":{"line":25,"column":18},"end":{"line":25,"column":51}},"13":{"start":{"line":27,"column":4},"end":{"line":27,"column":131}},"14":{"start":{"line":29,"column":4},"end":{"line":29,"column":56}},"15":{"start":{"line":6,"column":13},"end":{"line":6,"column":24}},"16":{"start":{"line":33,"column":21},"end":{"line":59,"column":1}},"17":{"start":{"line":34,"column":2},"end":{"line":58,"column":3}},"18":{"start":{"line":35,"column":36},"end":{"line":35,"column":44}},"19":{"start":{"line":37,"column":17},"end":{"line":39,"column":6}},"20":{"start":{"line":41,"column":4},"end":{"line":44,"column":5}},"21":{"start":{"line":42,"column":6},"end":{"line":42,"column":75}},"22":{"start":{"line":43,"column":6},"end":{"line":43,"column":13}},"23":{"start":{"line":46,"column":18},"end":{"line":46,"column":71}},"24":{"start":{"line":48,"column":4},"end":{"line":51,"column":5}},"25":{"start":{"line":49,"column":6},"end":{"line":49,"column":75}},"26":{"start":{"line":50,"column":6},"end":{"line":50,"column":13}},"27":{"start":{"line":53,"column":18},"end":{"line":53,"column":51}},"28":{"start":{"line":55,"column":4},"end":{"line":55,"column":131}},"29":{"start":{"line":57,"column":4},"end":{"line":57,"column":56}},"30":{"start":{"line":33,"column":13},"end":{"line":33,"column":21}}},"fnMap":{"0":{"name":"(anonymous_1)","decl":{"start":{"line":6,"column":24},"end":{"line":6,"column":29}},"loc":{"start":{"line":6,"column":62},"end":{"line":31,"column":1}}},"1":{"name":"(anonymous_2)","decl":{"start":{"line":33,"column":21},"end":{"line":33,"column":26}},"loc":{"start":{"line":33,"column":59},"end":{"line":59,"column":1}}}},"branchMap":{"0":{"loc":{"start":{"line":14,"column":4},"end":{"line":17,"column":5}},"type":"if","locations":[{"start":{"line":14,"column":4},"end":{"line":17,"column":5}},{"start":{},"end":{}}]},"1":{"loc":{"start":{"line":41,"column":4},"end":{"line":44,"column":5}},"type":"if","locations":[{"start":{"line":41,"column":4},"end":{"line":44,"column":5}},{"start":{},"end":{}}]},"2":{"loc":{"start":{"line":41,"column":8},"end":{"line":41,"column":31}},"type":"binary-expr","locations":[{"start":{"line":41,"column":8},"end":{"line":41,"column":13}},{"start":{"line":41,"column":17},"end":{"line":41,"column":31}}]},"3":{"loc":{"start":{"line":48,"column":4},"end":{"line":51,"column":5}},"type":"if","locations":[{"start":{"line":48,"column":4},"end":{"line":51,"column":5}},{"start":{},"end":{}}]}},"s":{"0":2,"1":2,"2":2,"3":2,"4":5,"5":5,"6":5,"7":4,"8":2,"9":2,"10":2,"11":2,"12":2,"13":2,"14":1,"15":2,"16":2,"17":8,"18":8,"19":8,"20":7,"21":3,"22":3,"23":4,"24":4,"25":2,"26":2,"27":2,"28":2,"29":1,"30":2},"f":{"0":5,"1":8},"b":{"0":[2,2],"1":[3,4],"2":[7,5],"3":[2,2]}}
,"C:\\Users\\Gervilla Maxime\\cesizen-api\\src\\controllers\\categorie.controller.ts": {"path":"C:\\Users\\Gervilla Maxime\\cesizen-api\\src\\controllers\\categorie.controller.ts","statementMap":{"0":{"start":{"line":2,"column":0},"end":{"line":2,"column":37}},"1":{"start":{"line":4,"column":32},"end":{"line":11,"column":1}},"2":{"start":{"line":5,"column":2},"end":{"line":10,"column":3}},"3":{"start":{"line":6,"column":23},"end":{"line":6,"column":56}},"4":{"start":{"line":7,"column":4},"end":{"line":7,"column":37}},"5":{"start":{"line":9,"column":4},"end":{"line":9,"column":56}},"6":{"start":{"line":4,"column":13},"end":{"line":4,"column":32}},"7":{"start":{"line":13,"column":32},"end":{"line":25,"column":1}},"8":{"start":{"line":14,"column":2},"end":{"line":24,"column":3}},"9":{"start":{"line":15,"column":15},"end":{"line":15,"column":36}},"10":{"start":{"line":16,"column":22},"end":{"line":16,"column":74}},"11":{"start":{"line":17,"column":4},"end":{"line":20,"column":5}},"12":{"start":{"line":18,"column":6},"end":{"line":18,"column":65}},"13":{"start":{"line":19,"column":6},"end":{"line":19,"column":13}},"14":{"start":{"line":21,"column":4},"end":{"line":21,"column":36}},"15":{"start":{"line":23,"column":4},"end":{"line":23,"column":56}},"16":{"start":{"line":13,"column":13},"end":{"line":13,"column":32}},"17":{"start":{"line":27,"column":31},"end":{"line":35,"column":1}},"18":{"start":{"line":28,"column":2},"end":{"line":34,"column":3}},"19":{"start":{"line":29,"column":33},"end":{"line":29,"column":41}},"20":{"start":{"line":30,"column":22},"end":{"line":30,"column":83}},"21":{"start":{"line":31,"column":4},"end":{"line":31,"column":36}},"22":{"start":{"line":33,"column":4},"end":{"line":33,"column":56}},"23":{"start":{"line":27,"column":13},"end":{"line":27,"column":31}},"24":{"start":{"line":37,"column":31},"end":{"line":46,"column":1}},"25":{"start":{"line":38,"column":2},"end":{"line":45,"column":3}},"26":{"start":{"line":39,"column":15},"end":{"line":39,"column":36}},"27":{"start":{"line":40,"column":33},"end":{"line":40,"column":41}},"28":{"start":{"line":41,"column":22},"end":{"line":41,"column":98}},"29":{"start":{"line":42,"column":4},"end":{"line":42,"column":36}},"30":{"start":{"line":44,"column":4},"end":{"line":44,"column":56}},"31":{"start":{"line":37,"column":13},"end":{"line":37,"column":31}},"32":{"start":{"line":48,"column":31},"end":{"line":56,"column":1}},"33":{"start":{"line":49,"column":2},"end":{"line":55,"column":3}},"34":{"start":{"line":50,"column":15},"end":{"line":50,"column":36}},"35":{"start":{"line":51,"column":4},"end":{"line":51,"column":53}},"36":{"start":{"line":52,"column":4},"end":{"line":52,"column":61}},"37":{"start":{"line":54,"column":4},"end":{"line":54,"column":56}},"38":{"start":{"line":48,"column":13},"end":{"line":48,"column":31}}},"fnMap":{"0":{"name":"(anonymous_1)","decl":{"start":{"line":4,"column":32},"end":{"line":4,"column":37}},"loc":{"start":{"line":4,"column":70},"end":{"line":11,"column":1}}},"1":{"name":"(anonymous_2)","decl":{"start":{"line":13,"column":32},"end":{"line":13,"column":37}},"loc":{"start":{"line":13,"column":70},"end":{"line":25,"column":1}}},"2":{"name":"(anonymous_3)","decl":{"start":{"line":27,"column":31},"end":{"line":27,"column":36}},"loc":{"start":{"line":27,"column":69},"end":{"line":35,"column":1}}},"3":{"name":"(anonymous_4)","decl":{"start":{"line":37,"column":31},"end":{"line":37,"column":36}},"loc":{"start":{"line":37,"column":69},"end":{"line":46,"column":1}}},"4":{"name":"(anonymous_5)","decl":{"start":{"line":48,"column":31},"end":{"line":48,"column":36}},"loc":{"start":{"line":48,"column":69},"end":{"line":56,"column":1}}}},"branchMap":{"0":{"loc":{"start":{"line":17,"column":4},"end":{"line":20,"column":5}},"type":"if","locations":[{"start":{"line":17,"column":4},"end":{"line":20,"column":5}},{"start":{},"end":{}}]}},"s":{"0":1,"1":1,"2":0,"3":0,"4":0,"5":0,"6":1,"7":1,"8":0,"9":0,"10":0,"11":0,"12":0,"13":0,"14":0,"15":0,"16":1,"17":1,"18":0,"19":0,"20":0,"21":0,"22":0,"23":1,"24":1,"25":0,"26":0,"27":0,"28":0,"29":0,"30":0,"31":1,"32":1,"33":0,"34":0,"35":0,"36":0,"37":0,"38":1},"f":{"0":0,"1":0,"2":0,"3":0,"4":0},"b":{"0":[0,0]}}
,"C:\\Users\\Gervilla Maxime\\cesizen-api\\src\\controllers\\commentaire.controller.ts": {"path":"C:\\Users\\Gervilla Maxime\\cesizen-api\\src\\controllers\\commentaire.controller.ts","statementMap":{"0":{"start":{"line":2,"column":0},"end":{"line":2,"column":37}},"1":{"start":{"line":6,"column":34},"end":{"line":15,"column":1}},"2":{"start":{"line":7,"column":2},"end":{"line":14,"column":3}},"3":{"start":{"line":8,"column":25},"end":{"line":10,"column":6}},"4":{"start":{"line":11,"column":4},"end":{"line":11,"column":null}},"5":{"start":{"line":13,"column":4},"end":{"line":13,"column":null}},"6":{"start":{"line":6,"column":13},"end":{"line":6,"column":34}},"7":{"start":{"line":18,"column":41},"end":{"line":29,"column":1}},"8":{"start":{"line":19,"column":2},"end":{"line":28,"column":3}},"9":{"start":{"line":20,"column":23},"end":{"line":20,"column":44}},"10":{"start":{"line":21,"column":25},"end":{"line":24,"column":6}},"11":{"start":{"line":25,"column":4},"end":{"line":25,"column":39}},"12":{"start":{"line":27,"column":4},"end":{"line":27,"column":56}},"13":{"start":{"line":18,"column":13},"end":{"line":18,"column":41}},"14":{"start":{"line":32,"column":40},"end":{"line":43,"column":1}},"15":{"start":{"line":33,"column":2},"end":{"line":42,"column":3}},"16":{"start":{"line":34,"column":22},"end":{"line":34,"column":43}},"17":{"start":{"line":35,"column":25},"end":{"line":38,"column":6}},"18":{"start":{"line":39,"column":4},"end":{"line":39,"column":39}},"19":{"start":{"line":41,"column":4},"end":{"line":41,"column":56}},"20":{"start":{"line":32,"column":13},"end":{"line":32,"column":40}},"21":{"start":{"line":46,"column":33},"end":{"line":56,"column":1}},"22":{"start":{"line":47,"column":2},"end":{"line":55,"column":3}},"23":{"start":{"line":48,"column":47},"end":{"line":48,"column":55}},"24":{"start":{"line":49,"column":24},"end":{"line":51,"column":6}},"25":{"start":{"line":52,"column":4},"end":{"line":52,"column":38}},"26":{"start":{"line":54,"column":4},"end":{"line":54,"column":56}},"27":{"start":{"line":46,"column":13},"end":{"line":46,"column":33}},"28":{"start":{"line":59,"column":33},"end":{"line":67,"column":1}},"29":{"start":{"line":60,"column":2},"end":{"line":66,"column":3}},"30":{"start":{"line":61,"column":15},"end":{"line":61,"column":36}},"31":{"start":{"line":62,"column":4},"end":{"line":62,"column":55}},"32":{"start":{"line":63,"column":4},"end":{"line":63,"column":62}},"33":{"start":{"line":65,"column":4},"end":{"line":65,"column":56}},"34":{"start":{"line":59,"column":13},"end":{"line":59,"column":33}}},"fnMap":{"0":{"name":"(anonymous_1)","decl":{"start":{"line":6,"column":34},"end":{"line":6,"column":39}},"loc":{"start":{"line":6,"column":72},"end":{"line":15,"column":1}}},"1":{"name":"(anonymous_2)","decl":{"start":{"line":18,"column":41},"end":{"line":18,"column":46}},"loc":{"start":{"line":18,"column":79},"end":{"line":29,"column":1}}},"2":{"name":"(anonymous_3)","decl":{"start":{"line":32,"column":40},"end":{"line":32,"column":45}},"loc":{"start":{"line":32,"column":78},"end":{"line":43,"column":1}}},"3":{"name":"(anonymous_4)","decl":{"start":{"line":46,"column":33},"end":{"line":46,"column":38}},"loc":{"start":{"line":46,"column":75},"end":{"line":56,"column":1}}},"4":{"name":"(anonymous_5)","decl":{"start":{"line":59,"column":33},"end":{"line":59,"column":38}},"loc":{"start":{"line":59,"column":71},"end":{"line":67,"column":1}}}},"branchMap":{},"s":{"0":1,"1":1,"2":0,"3":0,"4":0,"5":0,"6":1,"7":1,"8":0,"9":0,"10":0,"11":0,"12":0,"13":1,"14":1,"15":0,"16":0,"17":0,"18":0,"19":0,"20":1,"21":1,"22":0,"23":0,"24":0,"25":0,"26":0,"27":1,"28":1,"29":0,"30":0,"31":0,"32":0,"33":0,"34":1},"f":{"0":0,"1":0,"2":0,"3":0,"4":0},"b":{}}
,"C:\\Users\\Gervilla Maxime\\cesizen-api\\src\\controllers\\contenu.controller.ts": {"path":"C:\\Users\\Gervilla Maxime\\cesizen-api\\src\\controllers\\contenu.controller.ts","statementMap":{"0":{"start":{"line":2,"column":0},"end":{"line":2,"column":37}},"1":{"start":{"line":5,"column":30},"end":{"line":15,"column":1}},"2":{"start":{"line":6,"column":2},"end":{"line":14,"column":3}},"3":{"start":{"line":7,"column":21},"end":{"line":10,"column":6}},"4":{"start":{"line":11,"column":4},"end":{"line":11,"column":35}},"5":{"start":{"line":13,"column":4},"end":{"line":13,"column":56}},"6":{"start":{"line":5,"column":13},"end":{"line":5,"column":30}},"7":{"start":{"line":18,"column":30},"end":{"line":33,"column":1}},"8":{"start":{"line":19,"column":2},"end":{"line":32,"column":3}},"9":{"start":{"line":20,"column":15},"end":{"line":20,"column":36}},"10":{"start":{"line":21,"column":20},"end":{"line":24,"column":6}},"11":{"start":{"line":25,"column":4},"end":{"line":28,"column":5}},"12":{"start":{"line":26,"column":6},"end":{"line":26,"column":62}},"13":{"start":{"line":27,"column":6},"end":{"line":27,"column":13}},"14":{"start":{"line":29,"column":4},"end":{"line":29,"column":34}},"15":{"start":{"line":31,"column":4},"end":{"line":31,"column":56}},"16":{"start":{"line":18,"column":13},"end":{"line":18,"column":30}},"17":{"start":{"line":36,"column":29},"end":{"line":46,"column":1}},"18":{"start":{"line":37,"column":2},"end":{"line":45,"column":3}},"19":{"start":{"line":38,"column":44},"end":{"line":38,"column":52}},"20":{"start":{"line":39,"column":23},"end":{"line":41,"column":6}},"21":{"start":{"line":42,"column":4},"end":{"line":42,"column":37}},"22":{"start":{"line":44,"column":4},"end":{"line":44,"column":56}},"23":{"start":{"line":36,"column":13},"end":{"line":36,"column":29}},"24":{"start":{"line":49,"column":29},"end":{"line":61,"column":1}},"25":{"start":{"line":50,"column":2},"end":{"line":60,"column":3}},"26":{"start":{"line":51,"column":15},"end":{"line":51,"column":36}},"27":{"start":{"line":52,"column":44},"end":{"line":52,"column":52}},"28":{"start":{"line":53,"column":20},"end":{"line":56,"column":6}},"29":{"start":{"line":57,"column":4},"end":{"line":57,"column":34}},"30":{"start":{"line":59,"column":4},"end":{"line":59,"column":56}},"31":{"start":{"line":49,"column":13},"end":{"line":49,"column":29}},"32":{"start":{"line":64,"column":34},"end":{"line":80,"column":1}},"33":{"start":{"line":65,"column":2},"end":{"line":79,"column":3}},"34":{"start":{"line":66,"column":15},"end":{"line":66,"column":36}},"35":{"start":{"line":67,"column":20},"end":{"line":67,"column":81}},"36":{"start":{"line":68,"column":4},"end":{"line":71,"column":5}},"37":{"start":{"line":69,"column":6},"end":{"line":69,"column":62}},"38":{"start":{"line":70,"column":6},"end":{"line":70,"column":13}},"39":{"start":{"line":72,"column":20},"end":{"line":75,"column":6}},"40":{"start":{"line":76,"column":4},"end":{"line":76,"column":94}},"41":{"start":{"line":78,"column":4},"end":{"line":78,"column":56}},"42":{"start":{"line":64,"column":13},"end":{"line":64,"column":34}},"43":{"start":{"line":83,"column":29},"end":{"line":91,"column":1}},"44":{"start":{"line":84,"column":2},"end":{"line":90,"column":3}},"45":{"start":{"line":85,"column":15},"end":{"line":85,"column":36}},"46":{"start":{"line":86,"column":4},"end":{"line":86,"column":62}},"47":{"start":{"line":87,"column":4},"end":{"line":87,"column":58}},"48":{"start":{"line":89,"column":4},"end":{"line":89,"column":56}},"49":{"start":{"line":83,"column":13},"end":{"line":83,"column":29}}},"fnMap":{"0":{"name":"(anonymous_1)","decl":{"start":{"line":5,"column":30},"end":{"line":5,"column":35}},"loc":{"start":{"line":5,"column":68},"end":{"line":15,"column":1}}},"1":{"name":"(anonymous_2)","decl":{"start":{"line":18,"column":30},"end":{"line":18,"column":35}},"loc":{"start":{"line":18,"column":68},"end":{"line":33,"column":1}}},"2":{"name":"(anonymous_3)","decl":{"start":{"line":36,"column":29},"end":{"line":36,"column":34}},"loc":{"start":{"line":36,"column":67},"end":{"line":46,"column":1}}},"3":{"name":"(anonymous_4)","decl":{"start":{"line":49,"column":29},"end":{"line":49,"column":34}},"loc":{"start":{"line":49,"column":67},"end":{"line":61,"column":1}}},"4":{"name":"(anonymous_5)","decl":{"start":{"line":64,"column":34},"end":{"line":64,"column":39}},"loc":{"start":{"line":64,"column":72},"end":{"line":80,"column":1}}},"5":{"name":"(anonymous_6)","decl":{"start":{"line":83,"column":29},"end":{"line":83,"column":34}},"loc":{"start":{"line":83,"column":67},"end":{"line":91,"column":1}}}},"branchMap":{"0":{"loc":{"start":{"line":25,"column":4},"end":{"line":28,"column":5}},"type":"if","locations":[{"start":{"line":25,"column":4},"end":{"line":28,"column":5}},{"start":{},"end":{}}]},"1":{"loc":{"start":{"line":68,"column":4},"end":{"line":71,"column":5}},"type":"if","locations":[{"start":{"line":68,"column":4},"end":{"line":71,"column":5}},{"start":{},"end":{}}]},"2":{"loc":{"start":{"line":76,"column":47},"end":{"line":76,"column":88}},"type":"cond-expr","locations":[{"start":{"line":76,"column":66},"end":{"line":76,"column":74}},{"start":{"line":76,"column":77},"end":{"line":76,"column":88}}]}},"s":{"0":1,"1":1,"2":0,"3":0,"4":0,"5":0,"6":1,"7":1,"8":0,"9":0,"10":0,"11":0,"12":0,"13":0,"14":0,"15":0,"16":1,"17":1,"18":0,"19":0,"20":0,"21":0,"22":0,"23":1,"24":1,"25":0,"26":0,"27":0,"28":0,"29":0,"30":0,"31":1,"32":1,"33":0,"34":0,"35":0,"36":0,"37":0,"38":0,"39":0,"40":0,"41":0,"42":1,"43":1,"44":0,"45":0,"46":0,"47":0,"48":0,"49":1},"f":{"0":0,"1":0,"2":0,"3":0,"4":0,"5":0},"b":{"0":[0,0],"1":[0,0],"2":[0,0]}}
,"C:\\Users\\Gervilla Maxime\\cesizen-api\\src\\controllers\\exercice.controller.ts": {"path":"C:\\Users\\Gervilla Maxime\\cesizen-api\\src\\controllers\\exercice.controller.ts","statementMap":{"0":{"start":{"line":2,"column":0},"end":{"line":2,"column":37}},"1":{"start":{"line":5,"column":31},"end":{"line":15,"column":1}},"2":{"start":{"line":6,"column":2},"end":{"line":14,"column":3}},"3":{"start":{"line":7,"column":22},"end":{"line":10,"column":6}},"4":{"start":{"line":11,"column":4},"end":{"line":11,"column":36}},"5":{"start":{"line":13,"column":4},"end":{"line":13,"column":56}},"6":{"start":{"line":5,"column":13},"end":{"line":5,"column":31}},"7":{"start":{"line":18,"column":31},"end":{"line":33,"column":1}},"8":{"start":{"line":19,"column":2},"end":{"line":32,"column":3}},"9":{"start":{"line":20,"column":15},"end":{"line":20,"column":36}},"10":{"start":{"line":21,"column":21},"end":{"line":24,"column":6}},"11":{"start":{"line":25,"column":4},"end":{"line":28,"column":5}},"12":{"start":{"line":26,"column":6},"end":{"line":26,"column":63}},"13":{"start":{"line":27,"column":6},"end":{"line":27,"column":13}},"14":{"start":{"line":29,"column":4},"end":{"line":29,"column":35}},"15":{"start":{"line":31,"column":4},"end":{"line":31,"column":56}},"16":{"start":{"line":18,"column":13},"end":{"line":18,"column":31}},"17":{"start":{"line":36,"column":30},"end":{"line":46,"column":1}},"18":{"start":{"line":37,"column":2},"end":{"line":45,"column":3}},"19":{"start":{"line":38,"column":96},"end":{"line":38,"column":104}},"20":{"start":{"line":39,"column":21},"end":{"line":41,"column":6}},"21":{"start":{"line":42,"column":4},"end":{"line":42,"column":35}},"22":{"start":{"line":44,"column":4},"end":{"line":44,"column":56}},"23":{"start":{"line":36,"column":13},"end":{"line":36,"column":30}},"24":{"start":{"line":49,"column":30},"end":{"line":61,"column":1}},"25":{"start":{"line":50,"column":2},"end":{"line":60,"column":3}},"26":{"start":{"line":51,"column":15},"end":{"line":51,"column":36}},"27":{"start":{"line":52,"column":96},"end":{"line":52,"column":104}},"28":{"start":{"line":53,"column":21},"end":{"line":56,"column":6}},"29":{"start":{"line":57,"column":4},"end":{"line":57,"column":35}},"30":{"start":{"line":59,"column":4},"end":{"line":59,"column":56}},"31":{"start":{"line":49,"column":13},"end":{"line":49,"column":30}},"32":{"start":{"line":64,"column":35},"end":{"line":80,"column":1}},"33":{"start":{"line":65,"column":2},"end":{"line":79,"column":3}},"34":{"start":{"line":66,"column":15},"end":{"line":66,"column":36}},"35":{"start":{"line":67,"column":21},"end":{"line":67,"column":83}},"36":{"start":{"line":68,"column":4},"end":{"line":71,"column":5}},"37":{"start":{"line":69,"column":6},"end":{"line":69,"column":63}},"38":{"start":{"line":70,"column":6},"end":{"line":70,"column":13}},"39":{"start":{"line":72,"column":20},"end":{"line":75,"column":6}},"40":{"start":{"line":76,"column":4},"end":{"line":76,"column":95}},"41":{"start":{"line":78,"column":4},"end":{"line":78,"column":56}},"42":{"start":{"line":64,"column":13},"end":{"line":64,"column":35}},"43":{"start":{"line":83,"column":30},"end":{"line":91,"column":1}},"44":{"start":{"line":84,"column":2},"end":{"line":90,"column":3}},"45":{"start":{"line":85,"column":15},"end":{"line":85,"column":36}},"46":{"start":{"line":86,"column":4},"end":{"line":86,"column":63}},"47":{"start":{"line":87,"column":4},"end":{"line":87,"column":59}},"48":{"start":{"line":89,"column":4},"end":{"line":89,"column":56}},"49":{"start":{"line":83,"column":13},"end":{"line":83,"column":30}}},"fnMap":{"0":{"name":"(anonymous_1)","decl":{"start":{"line":5,"column":31},"end":{"line":5,"column":36}},"loc":{"start":{"line":5,"column":69},"end":{"line":15,"column":1}}},"1":{"name":"(anonymous_2)","decl":{"start":{"line":18,"column":31},"end":{"line":18,"column":36}},"loc":{"start":{"line":18,"column":69},"end":{"line":33,"column":1}}},"2":{"name":"(anonymous_3)","decl":{"start":{"line":36,"column":30},"end":{"line":36,"column":35}},"loc":{"start":{"line":36,"column":68},"end":{"line":46,"column":1}}},"3":{"name":"(anonymous_4)","decl":{"start":{"line":49,"column":30},"end":{"line":49,"column":35}},"loc":{"start":{"line":49,"column":68},"end":{"line":61,"column":1}}},"4":{"name":"(anonymous_5)","decl":{"start":{"line":64,"column":35},"end":{"line":64,"column":40}},"loc":{"start":{"line":64,"column":73},"end":{"line":80,"column":1}}},"5":{"name":"(anonymous_6)","decl":{"start":{"line":83,"column":30},"end":{"line":83,"column":35}},"loc":{"start":{"line":83,"column":68},"end":{"line":91,"column":1}}}},"branchMap":{"0":{"loc":{"start":{"line":25,"column":4},"end":{"line":28,"column":5}},"type":"if","locations":[{"start":{"line":25,"column":4},"end":{"line":28,"column":5}},{"start":{},"end":{}}]},"1":{"loc":{"start":{"line":68,"column":4},"end":{"line":71,"column":5}},"type":"if","locations":[{"start":{"line":68,"column":4},"end":{"line":71,"column":5}},{"start":{},"end":{}}]},"2":{"loc":{"start":{"line":76,"column":48},"end":{"line":76,"column":89}},"type":"cond-expr","locations":[{"start":{"line":76,"column":67},"end":{"line":76,"column":75}},{"start":{"line":76,"column":78},"end":{"line":76,"column":89}}]}},"s":{"0":2,"1":2,"2":2,"3":2,"4":1,"5":1,"6":2,"7":2,"8":3,"9":3,"10":3,"11":2,"12":1,"13":1,"14":1,"15":1,"16":2,"17":2,"18":2,"19":2,"20":2,"21":1,"22":1,"23":2,"24":2,"25":0,"26":0,"27":0,"28":0,"29":0,"30":0,"31":2,"32":2,"33":2,"34":2,"35":2,"36":2,"37":1,"38":1,"39":1,"40":1,"41":0,"42":2,"43":2,"44":2,"45":2,"46":2,"47":1,"48":1,"49":2},"f":{"0":2,"1":3,"2":2,"3":0,"4":2,"5":2},"b":{"0":[1,1],"1":[1,1],"2":[0,1]}}
,"C:\\Users\\Gervilla Maxime\\cesizen-api\\src\\controllers\\favori.controller.ts": {"path":"C:\\Users\\Gervilla Maxime\\cesizen-api\\src\\controllers\\favori.controller.ts","statementMap":{"0":{"start":{"line":2,"column":0},"end":{"line":2,"column":37}},"1":{"start":{"line":6,"column":28},"end":{"line":25,"column":1}},"2":{"start":{"line":7,"column":2},"end":{"line":24,"column":3}},"3":{"start":{"line":8,"column":27},"end":{"line":8,"column":35}},"4":{"start":{"line":9,"column":26},"end":{"line":9,"column":38}},"5":{"start":{"line":11,"column":27},"end":{"line":13,"column":6}},"6":{"start":{"line":15,"column":4},"end":{"line":21,"column":5}},"7":{"start":{"line":16,"column":6},"end":{"line":16,"column":71}},"8":{"start":{"line":17,"column":6},"end":{"line":17,"column":57}},"9":{"start":{"line":19,"column":6},"end":{"line":19,"column":74}},"10":{"start":{"line":20,"column":6},"end":{"line":20,"column":57}},"11":{"start":{"line":23,"column":4},"end":{"line":23,"column":56}},"12":{"start":{"line":6,"column":13},"end":{"line":6,"column":28}},"13":{"start":{"line":28,"column":29},"end":{"line":38,"column":1}},"14":{"start":{"line":29,"column":2},"end":{"line":37,"column":3}},"15":{"start":{"line":30,"column":20},"end":{"line":33,"column":6}},"16":{"start":{"line":34,"column":4},"end":{"line":34,"column":34}},"17":{"start":{"line":36,"column":4},"end":{"line":36,"column":56}},"18":{"start":{"line":28,"column":13},"end":{"line":28,"column":29}}},"fnMap":{"0":{"name":"(anonymous_1)","decl":{"start":{"line":6,"column":28},"end":{"line":6,"column":33}},"loc":{"start":{"line":6,"column":70},"end":{"line":25,"column":1}}},"1":{"name":"(anonymous_2)","decl":{"start":{"line":28,"column":29},"end":{"line":28,"column":34}},"loc":{"start":{"line":28,"column":71},"end":{"line":38,"column":1}}}},"branchMap":{"0":{"loc":{"start":{"line":15,"column":4},"end":{"line":21,"column":5}},"type":"if","locations":[{"start":{"line":15,"column":4},"end":{"line":21,"column":5}},{"start":{"line":18,"column":11},"end":{"line":21,"column":5}}]}},"s":{"0":1,"1":1,"2":0,"3":0,"4":0,"5":0,"6":0,"7":0,"8":0,"9":0,"10":0,"11":0,"12":1,"13":1,"14":0,"15":0,"16":0,"17":0,"18":1},"f":{"0":0,"1":0},"b":{"0":[0,0]}}
,"C:\\Users\\Gervilla Maxime\\cesizen-api\\src\\controllers\\historique.controller.ts": {"path":"C:\\Users\\Gervilla Maxime\\cesizen-api\\src\\controllers\\historique.controller.ts","statementMap":{"0":{"start":{"line":2,"column":0},"end":{"line":2,"column":37}},"1":{"start":{"line":6,"column":29},"end":{"line":16,"column":1}},"2":{"start":{"line":7,"column":2},"end":{"line":15,"column":3}},"3":{"start":{"line":8,"column":27},"end":{"line":8,"column":35}},"4":{"start":{"line":9,"column":23},"end":{"line":11,"column":6}},"5":{"start":{"line":12,"column":4},"end":{"line":12,"column":37}},"6":{"start":{"line":14,"column":4},"end":{"line":14,"column":56}},"7":{"start":{"line":6,"column":13},"end":{"line":6,"column":29}},"8":{"start":{"line":19,"column":32},"end":{"line":30,"column":1}},"9":{"start":{"line":20,"column":2},"end":{"line":29,"column":3}},"10":{"start":{"line":21,"column":24},"end":{"line":25,"column":6}},"11":{"start":{"line":26,"column":4},"end":{"line":26,"column":38}},"12":{"start":{"line":28,"column":4},"end":{"line":28,"column":56}},"13":{"start":{"line":19,"column":13},"end":{"line":19,"column":32}},"14":{"start":{"line":33,"column":35},"end":{"line":45,"column":1}},"15":{"start":{"line":34,"column":2},"end":{"line":44,"column":3}},"16":{"start":{"line":35,"column":19},"end":{"line":37,"column":4}},"17":{"start":{"line":38,"column":4},"end":{"line":41,"column":7}},"18":{"start":{"line":43,"column":4},"end":{"line":43,"column":56}},"19":{"start":{"line":33,"column":13},"end":{"line":33,"column":35}}},"fnMap":{"0":{"name":"(anonymous_1)","decl":{"start":{"line":6,"column":29},"end":{"line":6,"column":34}},"loc":{"start":{"line":6,"column":71},"end":{"line":16,"column":1}}},"1":{"name":"(anonymous_2)","decl":{"start":{"line":19,"column":32},"end":{"line":19,"column":37}},"loc":{"start":{"line":19,"column":74},"end":{"line":30,"column":1}}},"2":{"name":"(anonymous_3)","decl":{"start":{"line":33,"column":35},"end":{"line":33,"column":40}},"loc":{"start":{"line":33,"column":77},"end":{"line":45,"column":1}}}},"branchMap":{},"s":{"0":1,"1":1,"2":0,"3":0,"4":0,"5":0,"6":0,"7":1,"8":1,"9":0,"10":0,"11":0,"12":0,"13":1,"14":1,"15":0,"16":0,"17":0,"18":0,"19":1},"f":{"0":0,"1":0,"2":0},"b":{}}
,"C:\\Users\\Gervilla Maxime\\cesizen-api\\src\\controllers\\like.controller.ts": {"path":"C:\\Users\\Gervilla Maxime\\cesizen-api\\src\\controllers\\like.controller.ts","statementMap":{"0":{"start":{"line":2,"column":0},"end":{"line":2,"column":37}},"1":{"start":{"line":6,"column":26},"end":{"line":25,"column":1}},"2":{"start":{"line":7,"column":2},"end":{"line":24,"column":3}},"3":{"start":{"line":8,"column":38},"end":{"line":8,"column":46}},"4":{"start":{"line":9,"column":26},"end":{"line":9,"column":38}},"5":{"start":{"line":11,"column":25},"end":{"line":13,"column":6}},"6":{"start":{"line":15,"column":4},"end":{"line":21,"column":5}},"7":{"start":{"line":16,"column":6},"end":{"line":16,"column":67}},"8":{"start":{"line":17,"column":6},"end":{"line":17,"column":55}},"9":{"start":{"line":19,"column":6},"end":{"line":19,"column":83}},"10":{"start":{"line":20,"column":6},"end":{"line":20,"column":55}},"11":{"start":{"line":23,"column":4},"end":{"line":23,"column":56}},"12":{"start":{"line":6,"column":13},"end":{"line":6,"column":26}},"13":{"start":{"line":28,"column":34},"end":{"line":36,"column":1}},"14":{"start":{"line":29,"column":2},"end":{"line":35,"column":3}},"15":{"start":{"line":30,"column":23},"end":{"line":30,"column":44}},"16":{"start":{"line":31,"column":18},"end":{"line":31,"column":68}},"17":{"start":{"line":32,"column":4},"end":{"line":32,"column":36}},"18":{"start":{"line":34,"column":4},"end":{"line":34,"column":56}},"19":{"start":{"line":28,"column":13},"end":{"line":28,"column":34}},"20":{"start":{"line":39,"column":33},"end":{"line":47,"column":1}},"21":{"start":{"line":40,"column":2},"end":{"line":46,"column":3}},"22":{"start":{"line":41,"column":22},"end":{"line":41,"column":43}},"23":{"start":{"line":42,"column":18},"end":{"line":42,"column":67}},"24":{"start":{"line":43,"column":4},"end":{"line":43,"column":36}},"25":{"start":{"line":45,"column":4},"end":{"line":45,"column":56}},"26":{"start":{"line":39,"column":13},"end":{"line":39,"column":33}}},"fnMap":{"0":{"name":"(anonymous_1)","decl":{"start":{"line":6,"column":26},"end":{"line":6,"column":31}},"loc":{"start":{"line":6,"column":68},"end":{"line":25,"column":1}}},"1":{"name":"(anonymous_2)","decl":{"start":{"line":28,"column":34},"end":{"line":28,"column":39}},"loc":{"start":{"line":28,"column":72},"end":{"line":36,"column":1}}},"2":{"name":"(anonymous_3)","decl":{"start":{"line":39,"column":33},"end":{"line":39,"column":38}},"loc":{"start":{"line":39,"column":71},"end":{"line":47,"column":1}}}},"branchMap":{"0":{"loc":{"start":{"line":15,"column":4},"end":{"line":21,"column":5}},"type":"if","locations":[{"start":{"line":15,"column":4},"end":{"line":21,"column":5}},{"start":{"line":18,"column":11},"end":{"line":21,"column":5}}]}},"s":{"0":1,"1":1,"2":0,"3":0,"4":0,"5":0,"6":0,"7":0,"8":0,"9":0,"10":0,"11":0,"12":1,"13":1,"14":0,"15":0,"16":0,"17":0,"18":0,"19":1,"20":1,"21":0,"22":0,"23":0,"24":0,"25":0,"26":1},"f":{"0":0,"1":0,"2":0},"b":{"0":[0,0]}}
,"C:\\Users\\Gervilla Maxime\\cesizen-api\\src\\controllers\\user.controller.ts": {"path":"C:\\Users\\Gervilla Maxime\\cesizen-api\\src\\controllers\\user.controller.ts","statementMap":{"0":{"start":{"line":2,"column":0},"end":{"line":2,"column":30}},"1":{"start":{"line":3,"column":0},"end":{"line":3,"column":37}},"2":{"start":{"line":6,"column":28},"end":{"line":16,"column":1}},"3":{"start":{"line":7,"column":2},"end":{"line":15,"column":3}},"4":{"start":{"line":8,"column":17},"end":{"line":11,"column":6}},"5":{"start":{"line":12,"column":4},"end":{"line":12,"column":31}},"6":{"start":{"line":14,"column":4},"end":{"line":14,"column":56}},"7":{"start":{"line":6,"column":13},"end":{"line":6,"column":28}},"8":{"start":{"line":18,"column":33},"end":{"line":38,"column":1}},"9":{"start":{"line":19,"column":2},"end":{"line":37,"column":3}},"10":{"start":{"line":20,"column":49},"end":{"line":20,"column":57}},"11":{"start":{"line":21,"column":22},"end":{"line":21,"column":24}},"12":{"start":{"line":23,"column":4},"end":{"line":23,"column":34}},"13":{"start":{"line":23,"column":15},"end":{"line":23,"column":34}},"14":{"start":{"line":24,"column":4},"end":{"line":24,"column":28}},"15":{"start":{"line":24,"column":13},"end":{"line":24,"column":28}},"16":{"start":{"line":25,"column":4},"end":{"line":25,"column":37}},"17":{"start":{"line":25,"column":16},"end":{"line":25,"column":37}},"18":{"start":{"line":26,"column":4},"end":{"line":26,"column":78}},"19":{"start":{"line":26,"column":22},"end":{"line":26,"column":78}},"20":{"start":{"line":28,"column":17},"end":{"line":32,"column":6}},"21":{"start":{"line":34,"column":4},"end":{"line":34,"column":31}},"22":{"start":{"line":36,"column":4},"end":{"line":36,"column":56}},"23":{"start":{"line":18,"column":13},"end":{"line":18,"column":33}},"24":{"start":{"line":40,"column":27},"end":{"line":49,"column":1}},"25":{"start":{"line":41,"column":2},"end":{"line":48,"column":3}},"26":{"start":{"line":42,"column":18},"end":{"line":44,"column":6}},"27":{"start":{"line":45,"column":4},"end":{"line":45,"column":32}},"28":{"start":{"line":47,"column":4},"end":{"line":47,"column":56}},"29":{"start":{"line":40,"column":13},"end":{"line":40,"column":27}},"30":{"start":{"line":51,"column":31},"end":{"line":70,"column":1}},"31":{"start":{"line":52,"column":2},"end":{"line":69,"column":3}},"32":{"start":{"line":53,"column":15},"end":{"line":53,"column":36}},"33":{"start":{"line":54,"column":17},"end":{"line":54,"column":71}},"34":{"start":{"line":56,"column":4},"end":{"line":59,"column":5}},"35":{"start":{"line":57,"column":6},"end":{"line":57,"column":66}},"36":{"start":{"line":58,"column":6},"end":{"line":58,"column":13}},"37":{"start":{"line":61,"column":20},"end":{"line":64,"column":6}},"38":{"start":{"line":66,"column":4},"end":{"line":66,"column":98}},"39":{"start":{"line":68,"column":4},"end":{"line":68,"column":56}},"40":{"start":{"line":51,"column":13},"end":{"line":51,"column":31}},"41":{"start":{"line":72,"column":26},"end":{"line":80,"column":1}},"42":{"start":{"line":73,"column":2},"end":{"line":79,"column":3}},"43":{"start":{"line":74,"column":15},"end":{"line":74,"column":36}},"44":{"start":{"line":75,"column":4},"end":{"line":75,"column":55}},"45":{"start":{"line":76,"column":4},"end":{"line":76,"column":62}},"46":{"start":{"line":78,"column":4},"end":{"line":78,"column":56}},"47":{"start":{"line":72,"column":13},"end":{"line":72,"column":26}},"48":{"start":{"line":85,"column":27},"end":{"line":96,"column":1}},"49":{"start":{"line":86,"column":2},"end":{"line":95,"column":3}},"50":{"start":{"line":87,"column":49},"end":{"line":87,"column":57}},"51":{"start":{"line":88,"column":17},"end":{"line":88,"column":52}},"52":{"start":{"line":89,"column":17},"end":{"line":91,"column":6}},"53":{"start":{"line":92,"column":4},"end":{"line":92,"column":null}},"54":{"start":{"line":94,"column":4},"end":{"line":94,"column":null}},"55":{"start":{"line":85,"column":13},"end":{"line":85,"column":27}}},"fnMap":{"0":{"name":"(anonymous_1)","decl":{"start":{"line":6,"column":28},"end":{"line":6,"column":33}},"loc":{"start":{"line":6,"column":70},"end":{"line":16,"column":1}}},"1":{"name":"(anonymous_2)","decl":{"start":{"line":18,"column":33},"end":{"line":18,"column":38}},"loc":{"start":{"line":18,"column":75},"end":{"line":38,"column":1}}},"2":{"name":"(anonymous_3)","decl":{"start":{"line":40,"column":27},"end":{"line":40,"column":32}},"loc":{"start":{"line":40,"column":65},"end":{"line":49,"column":1}}},"3":{"name":"(anonymous_4)","decl":{"start":{"line":51,"column":31},"end":{"line":51,"column":36}},"loc":{"start":{"line":51,"column":69},"end":{"line":70,"column":1}}},"4":{"name":"(anonymous_5)","decl":{"start":{"line":72,"column":26},"end":{"line":72,"column":31}},"loc":{"start":{"line":72,"column":64},"end":{"line":80,"column":1}}},"5":{"name":"(anonymous_6)","decl":{"start":{"line":85,"column":27},"end":{"line":85,"column":32}},"loc":{"start":{"line":85,"column":65},"end":{"line":96,"column":1}}}},"branchMap":{"0":{"loc":{"start":{"line":23,"column":4},"end":{"line":23,"column":34}},"type":"if","locations":[{"start":{"line":23,"column":4},"end":{"line":23,"column":34}},{"start":{},"end":{}}]},"1":{"loc":{"start":{"line":24,"column":4},"end":{"line":24,"column":28}},"type":"if","locations":[{"start":{"line":24,"column":4},"end":{"line":24,"column":28}},{"start":{},"end":{}}]},"2":{"loc":{"start":{"line":25,"column":4},"end":{"line":25,"column":37}},"type":"if","locations":[{"start":{"line":25,"column":4},"end":{"line":25,"column":37}},{"start":{},"end":{}}]},"3":{"loc":{"start":{"line":26,"column":4},"end":{"line":26,"column":78}},"type":"if","locations":[{"start":{"line":26,"column":4},"end":{"line":26,"column":78}},{"start":{},"end":{}}]},"4":{"loc":{"start":{"line":56,"column":4},"end":{"line":59,"column":5}},"type":"if","locations":[{"start":{"line":56,"column":4},"end":{"line":59,"column":5}},{"start":{},"end":{}}]},"5":{"loc":{"start":{"line":66,"column":51},"end":{"line":66,"column":92}},"type":"cond-expr","locations":[{"start":{"line":66,"column":70},"end":{"line":66,"column":78}},{"start":{"line":66,"column":81},"end":{"line":66,"column":92}}]}},"s":{"0":1,"1":1,"2":1,"3":0,"4":0,"5":0,"6":0,"7":1,"8":1,"9":0,"10":0,"11":0,"12":0,"13":0,"14":0,"15":0,"16":0,"17":0,"18":0,"19":0,"20":0,"21":0,"22":0,"23":1,"24":1,"25":0,"26":0,"27":0,"28":0,"29":1,"30":1,"31":0,"32":0,"33":0,"34":0,"35":0,"36":0,"37":0,"38":0,"39":0,"40":1,"41":1,"42":0,"43":0,"44":0,"45":0,"46":0,"47":1,"48":1,"49":0,"50":0,"51":0,"52":0,"53":0,"54":0,"55":1},"f":{"0":0,"1":0,"2":0,"3":0,"4":0,"5":0},"b":{"0":[0,0],"1":[0,0],"2":[0,0],"3":[0,0],"4":[0,0],"5":[0,0]}}
,"C:\\Users\\Gervilla Maxime\\cesizen-api\\src\\middlewares\\auth.middleware.ts": {"path":"C:\\Users\\Gervilla Maxime\\cesizen-api\\src\\middlewares\\auth.middleware.ts","statementMap":{"0":{"start":{"line":2,"column":0},"end":{"line":2,"column":43}},"1":{"start":{"line":11,"column":30},"end":{"line":28,"column":1}},"2":{"start":{"line":12,"column":21},"end":{"line":12,"column":46}},"3":{"start":{"line":14,"column":2},"end":{"line":17,"column":3}},"4":{"start":{"line":15,"column":4},"end":{"line":15,"column":56}},"5":{"start":{"line":16,"column":4},"end":{"line":16,"column":11}},"6":{"start":{"line":19,"column":16},"end":{"line":19,"column":40}},"7":{"start":{"line":21,"column":2},"end":{"line":27,"column":3}},"8":{"start":{"line":22,"column":20},"end":{"line":22,"column":70}},"9":{"start":{"line":23,"column":4},"end":{"line":23,"column":23}},"10":{"start":{"line":24,"column":4},"end":{"line":24,"column":11}},"11":{"start":{"line":26,"column":4},"end":{"line":26,"column":56}},"12":{"start":{"line":11,"column":13},"end":{"line":11,"column":30}},"13":{"start":{"line":30,"column":31},"end":{"line":36,"column":1}},"14":{"start":{"line":31,"column":2},"end":{"line":34,"column":3}},"15":{"start":{"line":32,"column":4},"end":{"line":32,"column":54}},"16":{"start":{"line":33,"column":4},"end":{"line":33,"column":11}},"17":{"start":{"line":35,"column":2},"end":{"line":35,"column":9}},"18":{"start":{"line":30,"column":13},"end":{"line":30,"column":31}}},"fnMap":{"0":{"name":"(anonymous_0)","decl":{"start":{"line":11,"column":30},"end":{"line":11,"column":31}},"loc":{"start":{"line":11,"column":86},"end":{"line":28,"column":1}}},"1":{"name":"(anonymous_1)","decl":{"start":{"line":30,"column":31},"end":{"line":30,"column":32}},"loc":{"start":{"line":30,"column":87},"end":{"line":36,"column":1}}}},"branchMap":{"0":{"loc":{"start":{"line":14,"column":2},"end":{"line":17,"column":3}},"type":"if","locations":[{"start":{"line":14,"column":2},"end":{"line":17,"column":3}},{"start":{},"end":{}}]},"1":{"loc":{"start":{"line":14,"column":6},"end":{"line":14,"column":54}},"type":"binary-expr","locations":[{"start":{"line":14,"column":6},"end":{"line":14,"column":17}},{"start":{"line":14,"column":21},"end":{"line":14,"column":54}}]},"2":{"loc":{"start":{"line":31,"column":2},"end":{"line":34,"column":3}},"type":"if","locations":[{"start":{"line":31,"column":2},"end":{"line":34,"column":3}},{"start":{},"end":{}}]}},"s":{"0":1,"1":1,"2":0,"3":0,"4":0,"5":0,"6":0,"7":0,"8":0,"9":0,"10":0,"11":0,"12":1,"13":1,"14":0,"15":0,"16":0,"17":0,"18":1},"f":{"0":0,"1":0},"b":{"0":[0,0],"1":[0,0],"2":[0,0]}}
,"C:\\Users\\Gervilla Maxime\\cesizen-api\\src\\routes\\auth.routes.ts": {"path":"C:\\Users\\Gervilla Maxime\\cesizen-api\\src\\routes\\auth.routes.ts","statementMap":{"0":{"start":{"line":1,"column":0},"end":{"line":1,"column":33}},"1":{"start":{"line":2,"column":0},"end":{"line":2,"column":65}},"2":{"start":{"line":4,"column":15},"end":{"line":4,"column":23}},"3":{"start":{"line":6,"column":0},"end":{"line":6,"column":35}},"4":{"start":{"line":7,"column":0},"end":{"line":7,"column":29}},"5":{"start":{"line":9,"column":0},"end":{"line":9,"column":22}}},"fnMap":{},"branchMap":{},"s":{"0":1,"1":1,"2":1,"3":1,"4":1,"5":1},"f":{},"b":{}}
,"C:\\Users\\Gervilla Maxime\\cesizen-api\\src\\routes\\categorie.routes.ts": {"path":"C:\\Users\\Gervilla Maxime\\cesizen-api\\src\\routes\\categorie.routes.ts","statementMap":{"0":{"start":{"line":1,"column":0},"end":{"line":1,"column":33}},"1":{"start":{"line":2,"column":0},"end":{"line":2,"column":140}},"2":{"start":{"line":3,"column":0},"end":{"line":3,"column":81}},"3":{"start":{"line":5,"column":15},"end":{"line":5,"column":23}},"4":{"start":{"line":7,"column":0},"end":{"line":7,"column":34}},"5":{"start":{"line":8,"column":0},"end":{"line":8,"column":37}},"6":{"start":{"line":9,"column":0},"end":{"line":9,"column":67}},"7":{"start":{"line":10,"column":0},"end":{"line":10,"column":69}},"8":{"start":{"line":11,"column":0},"end":{"line":11,"column":72}},"9":{"start":{"line":13,"column":0},"end":{"line":13,"column":22}}},"fnMap":{},"branchMap":{},"s":{"0":1,"1":1,"2":1,"3":1,"4":1,"5":1,"6":1,"7":1,"8":1,"9":1},"f":{},"b":{}}
,"C:\\Users\\Gervilla Maxime\\cesizen-api\\src\\routes\\commentaire.routes.ts": {"path":"C:\\Users\\Gervilla Maxime\\cesizen-api\\src\\routes\\commentaire.routes.ts","statementMap":{"0":{"start":{"line":1,"column":0},"end":{"line":1,"column":33}},"1":{"start":{"line":2,"column":0},"end":{"line":2,"column":166}},"2":{"start":{"line":3,"column":0},"end":{"line":3,"column":81}},"3":{"start":{"line":5,"column":15},"end":{"line":5,"column":23}},"4":{"start":{"line":7,"column":0},"end":{"line":7,"column":null}},"5":{"start":{"line":8,"column":0},"end":{"line":8,"column":55}},"6":{"start":{"line":9,"column":0},"end":{"line":9,"column":53}},"7":{"start":{"line":10,"column":0},"end":{"line":10,"column":52}},"8":{"start":{"line":11,"column":0},"end":{"line":11,"column":74}},"9":{"start":{"line":13,"column":0},"end":{"line":13,"column":22}}},"fnMap":{},"branchMap":{},"s":{"0":1,"1":1,"2":1,"3":1,"4":1,"5":1,"6":1,"7":1,"8":1,"9":1},"f":{},"b":{}}
,"C:\\Users\\Gervilla Maxime\\cesizen-api\\src\\routes\\contenu.routes.ts": {"path":"C:\\Users\\Gervilla Maxime\\cesizen-api\\src\\routes\\contenu.routes.ts","statementMap":{"0":{"start":{"line":1,"column":0},"end":{"line":1,"column":33}},"1":{"start":{"line":2,"column":0},"end":{"line":2,"column":148}},"2":{"start":{"line":3,"column":0},"end":{"line":3,"column":81}},"3":{"start":{"line":5,"column":15},"end":{"line":5,"column":23}},"4":{"start":{"line":7,"column":0},"end":{"line":7,"column":32}},"5":{"start":{"line":8,"column":0},"end":{"line":8,"column":35}},"6":{"start":{"line":9,"column":0},"end":{"line":9,"column":65}},"7":{"start":{"line":10,"column":0},"end":{"line":10,"column":67}},"8":{"start":{"line":11,"column":0},"end":{"line":11,"column":81}},"9":{"start":{"line":12,"column":0},"end":{"line":12,"column":70}},"10":{"start":{"line":14,"column":0},"end":{"line":14,"column":22}}},"fnMap":{},"branchMap":{},"s":{"0":1,"1":1,"2":1,"3":1,"4":1,"5":1,"6":1,"7":1,"8":1,"9":1,"10":1},"f":{},"b":{}}
,"C:\\Users\\Gervilla Maxime\\cesizen-api\\src\\routes\\exercice.routes.ts": {"path":"C:\\Users\\Gervilla Maxime\\cesizen-api\\src\\routes\\exercice.routes.ts","statementMap":{"0":{"start":{"line":1,"column":0},"end":{"line":1,"column":33}},"1":{"start":{"line":2,"column":0},"end":{"line":2,"column":155}},"2":{"start":{"line":3,"column":0},"end":{"line":3,"column":81}},"3":{"start":{"line":5,"column":15},"end":{"line":5,"column":23}},"4":{"start":{"line":7,"column":0},"end":{"line":7,"column":33}},"5":{"start":{"line":8,"column":0},"end":{"line":8,"column":36}},"6":{"start":{"line":9,"column":0},"end":{"line":9,"column":66}},"7":{"start":{"line":10,"column":0},"end":{"line":10,"column":68}},"8":{"start":{"line":11,"column":0},"end":{"line":11,"column":82}},"9":{"start":{"line":12,"column":0},"end":{"line":12,"column":71}},"10":{"start":{"line":14,"column":0},"end":{"line":14,"column":22}}},"fnMap":{},"branchMap":{},"s":{"0":1,"1":1,"2":1,"3":1,"4":1,"5":1,"6":1,"7":1,"8":1,"9":1,"10":1},"f":{},"b":{}}
,"C:\\Users\\Gervilla Maxime\\cesizen-api\\src\\routes\\favori.routes.ts": {"path":"C:\\Users\\Gervilla Maxime\\cesizen-api\\src\\routes\\favori.routes.ts","statementMap":{"0":{"start":{"line":1,"column":0},"end":{"line":1,"column":33}},"1":{"start":{"line":2,"column":0},"end":{"line":2,"column":79}},"2":{"start":{"line":3,"column":0},"end":{"line":3,"column":64}},"3":{"start":{"line":5,"column":15},"end":{"line":5,"column":23}},"4":{"start":{"line":7,"column":0},"end":{"line":7,"column":53}},"5":{"start":{"line":8,"column":0},"end":{"line":8,"column":58}},"6":{"start":{"line":10,"column":0},"end":{"line":10,"column":22}}},"fnMap":{},"branchMap":{},"s":{"0":1,"1":1,"2":1,"3":1,"4":1,"5":1,"6":1},"f":{},"b":{}}
,"C:\\Users\\Gervilla Maxime\\cesizen-api\\src\\routes\\historique.routes.ts": {"path":"C:\\Users\\Gervilla Maxime\\cesizen-api\\src\\routes\\historique.routes.ts","statementMap":{"0":{"start":{"line":1,"column":0},"end":{"line":1,"column":33}},"1":{"start":{"line":2,"column":0},"end":{"line":2,"column":108}},"2":{"start":{"line":3,"column":0},"end":{"line":3,"column":64}},"3":{"start":{"line":6,"column":15},"end":{"line":6,"column":23}},"4":{"start":{"line":8,"column":0},"end":{"line":8,"column":48}},"5":{"start":{"line":9,"column":0},"end":{"line":9,"column":64}},"6":{"start":{"line":10,"column":0},"end":{"line":10,"column":70}},"7":{"start":{"line":12,"column":0},"end":{"line":12,"column":22}}},"fnMap":{},"branchMap":{},"s":{"0":1,"1":1,"2":1,"3":1,"4":1,"5":1,"6":1,"7":1},"f":{},"b":{}}
,"C:\\Users\\Gervilla Maxime\\cesizen-api\\src\\routes\\like.routes.ts": {"path":"C:\\Users\\Gervilla Maxime\\cesizen-api\\src\\routes\\like.routes.ts","statementMap":{"0":{"start":{"line":1,"column":0},"end":{"line":1,"column":33}},"1":{"start":{"line":2,"column":0},"end":{"line":2,"column":99}},"2":{"start":{"line":3,"column":0},"end":{"line":3,"column":64}},"3":{"start":{"line":5,"column":15},"end":{"line":5,"column":23}},"4":{"start":{"line":7,"column":0},"end":{"line":7,"column":51}},"5":{"start":{"line":8,"column":0},"end":{"line":8,"column":48}},"6":{"start":{"line":9,"column":0},"end":{"line":9,"column":46}},"7":{"start":{"line":11,"column":0},"end":{"line":11,"column":22}}},"fnMap":{},"branchMap":{},"s":{"0":1,"1":1,"2":1,"3":1,"4":1,"5":1,"6":1,"7":1},"f":{},"b":{}}
,"C:\\Users\\Gervilla Maxime\\cesizen-api\\src\\routes\\user.routes.ts": {"path":"C:\\Users\\Gervilla Maxime\\cesizen-api\\src\\routes\\user.routes.ts","statementMap":{"0":{"start":{"line":1,"column":0},"end":{"line":1,"column":33}},"1":{"start":{"line":2,"column":0},"end":{"line":2,"column":136}},"2":{"start":{"line":3,"column":0},"end":{"line":3,"column":81}},"3":{"start":{"line":5,"column":15},"end":{"line":5,"column":23}},"4":{"start":{"line":8,"column":0},"end":{"line":8,"column":52}},"5":{"start":{"line":9,"column":0},"end":{"line":9,"column":57}},"6":{"start":{"line":12,"column":0},"end":{"line":12,"column":62}},"7":{"start":{"line":13,"column":0},"end":{"line":13,"column":78}},"8":{"start":{"line":14,"column":0},"end":{"line":14,"column":67}},"9":{"start":{"line":17,"column":0},"end":{"line":17,"column":null}},"10":{"start":{"line":19,"column":0},"end":{"line":19,"column":22}}},"fnMap":{},"branchMap":{},"s":{"0":1,"1":1,"2":1,"3":1,"4":1,"5":1,"6":1,"7":1,"8":1,"9":1,"10":1},"f":{},"b":{}}
}
